1658488669321	geckodriver	INFO	Listening on 127.0.0.1:53695
1658488672411	mozrunner::runner	INFO	Running command: "C:\\Program Files\\Mozilla Firefox\\firefox.exe" "--marionette" "--remote-debugging-port" "53696" "--remote-allow-hosts" "localhost" "-no-remote" "-profile" "C:\\Users\\Asus\\AppData\\Local\\Temp\\rust_mozprofileoBfYRR"
1658488672780	Marionette	INFO	Marionette enabled
1658488672786	Marionette	INFO	Listening on port 53707
WebDriver BiDi listening on ws://localhost:53696
Read port: 53707
1658488673001	RemoteAgent	WARN	TLS certificate errors will be ignored for this session
console.warn: SearchSettings: "get: No settings file exists, new profile?" (new NotFoundError("Could not open the file at C:\\Users\\Asus\\AppData\\Local\\Temp\\rust_mozprofileoBfYRR\\search.json.mozlz4", (void 0)))
DevTools listening on ws://localhost:53696/devtools/browser/f857e07c-78db-4e70-894f-cb9da7f8f1fd
1658488680219	Marionette	INFO	Stopped listening on port 53707
1658488782659	geckodriver	INFO	Listening on 127.0.0.1:53804
1658488785753	mozrunner::runner	INFO	Running command: "C:\\Program Files\\Mozilla Firefox\\firefox.exe" "--marionette" "--remote-debugging-port" "53805" "--remote-allow-hosts" "localhost" "-no-remote" "-profile" "C:\\Users\\Asus\\AppData\\Local\\Temp\\rust_mozprofiledO9VDO"
1658488786050	Marionette	INFO	Marionette enabled
1658488786055	Marionette	INFO	Listening on port 53816
WebDriver BiDi listening on ws://localhost:53805
Read port: 53816
1658488786157	RemoteAgent	WARN	TLS certificate errors will be ignored for this session
console.warn: SearchSettings: "get: No settings file exists, new profile?" (new NotFoundError("Could not open the file at C:\\Users\\Asus\\AppData\\Local\\Temp\\rust_mozprofiledO9VDO\\search.json.mozlz4", (void 0)))
DevTools listening on ws://localhost:53805/devtools/browser/5f9f627c-e5c5-4565-9f4b-ab2d4599e034
1658488790318	Marionette	INFO	Stopped listening on port 53816
1658488879627	geckodriver	INFO	Listening on 127.0.0.1:53903
1658488882697	mozrunner::runner	INFO	Running command: "C:\\Program Files\\Mozilla Firefox\\firefox.exe" "--marionette" "--remote-debugging-port" "53904" "--remote-allow-hosts" "localhost" "-no-remote" "-profile" "C:\\Users\\Asus\\AppData\\Local\\Temp\\rust_mozprofile03rjsx"
1658488883003	Marionette	INFO	Marionette enabled
1658488883008	Marionette	INFO	Listening on port 53915
WebDriver BiDi listening on ws://localhost:53904
Read port: 53915
1658488883127	RemoteAgent	WARN	TLS certificate errors will be ignored for this session
console.warn: SearchSettings: "get: No settings file exists, new profile?" (new NotFoundError("Could not open the file at C:\\Users\\Asus\\AppData\\Local\\Temp\\rust_mozprofile03rjsx\\search.json.mozlz4", (void 0)))
DevTools listening on ws://localhost:53904/devtools/browser/9433a661-3f12-437d-a7d3-a09ecbe02ef8
1658488887501	Marionette	INFO	Stopped listening on port 53915
console.error: services.settings: 
  main/query-stripping Signature failed  TypeError: NetworkError: Network request failed
